0 info it worked if it ends with ok
1 verbose cli [ '/usr/local/bin/node', '/usr/local/bin/npm', 'run', 'build' ]
2 info using npm@3.9.6
3 info using node@v4.4.5
4 verbose run-script [ 'prebuild', 'build', 'postbuild' ]
5 info lifecycle Tappyn@1.0.0~prebuild: Tappyn@1.0.0
6 silly lifecycle Tappyn@1.0.0~prebuild: no script for prebuild, continuing
7 info lifecycle Tappyn@1.0.0~build: Tappyn@1.0.0
8 verbose lifecycle Tappyn@1.0.0~build: unsafe-perm in lifecycle true
9 verbose lifecycle Tappyn@1.0.0~build: PATH: /usr/local/lib/node_modules/npm/bin/node-gyp-bin:/Users/AustinMatthiessen/Sites/Tappynmamp/tappyn/node_modules/.bin:/usr/local/bin://anaconda/bin:/Users/AustinMatthiessen/anaconda/bin:/Library/Frameworks/Python.framework/Versions/3.5/bin:/usr/local/bin:/usr/local/sbin:/usr/local/mysql/bin:/usr/local/bin:/usr/bin:/bin:/usr/sbin:/sbin
10 verbose lifecycle Tappyn@1.0.0~build: CWD: /Users/AustinMatthiessen/Sites/Tappynmamp/tappyn
11 silly lifecycle Tappyn@1.0.0~build: Args: [ '-c', 'gulp js' ]
12 info lifecycle Tappyn@1.0.0~build: Failed to exec build script
13 verbose stack Error: Tappyn@1.0.0 build: `gulp js`
13 verbose stack spawn ENOENT
13 verbose stack     at ChildProcess.<anonymous> (/usr/local/lib/node_modules/npm/lib/utils/spawn.js:17:16)
13 verbose stack     at emitTwo (events.js:87:13)
13 verbose stack     at ChildProcess.emit (events.js:172:7)
13 verbose stack     at maybeClose (internal/child_process.js:827:16)
13 verbose stack     at Process.ChildProcess._handle.onexit (internal/child_process.js:211:5)
14 verbose pkgid Tappyn@1.0.0
15 verbose cwd /Users/AustinMatthiessen/Sites/Tappynmamp/tappyn
16 error Darwin 15.5.0
17 error argv "/usr/local/bin/node" "/usr/local/bin/npm" "run" "build"
18 error node v4.4.5
19 error npm  v3.9.6
20 error file sh
21 error code ELIFECYCLE
22 error errno ENOENT
23 error syscall spawn
24 error Tappyn@1.0.0 build: `gulp js`
24 error spawn ENOENT
25 error Failed at the Tappyn@1.0.0 build script 'gulp js'.
25 error Make sure you have the latest version of node.js and npm installed.
25 error If you do, this is most likely a problem with the Tappyn package,
25 error not with npm itself.
25 error Tell the author that this fails on your system:
25 error     gulp js
25 error You can get information on how to open an issue for this project with:
25 error     npm bugs Tappyn
25 error Or if that isn't available, you can get their info via:
25 error     npm owner ls Tappyn
25 error There is likely additional logging output above.
26 verbose exit [ 1, true ]
